<?xml version="1.0" encoding="UTF-8"?>
<coverage generated="1632857917">
  <project timestamp="1632857917">
    <file name="C:\wamp64\www\p8_todo_and_co\src\Controller\DefaultController.php">
      <class name="App\Controller\DefaultController" namespace="global">
        <metrics complexity="1" methods="1" coveredmethods="1" conditionals="0" coveredconditionals="0" statements="1" coveredstatements="1" elements="2" coveredelements="2"/>
      </class>
      <line num="11" type="method" name="indexAction" visibility="public" complexity="1" crap="1" count="2"/>
      <line num="15" type="stmt" count="2"/>
      <metrics loc="17" ncloc="17" classes="1" methods="1" coveredmethods="1" conditionals="0" coveredconditionals="0" statements="1" coveredstatements="1" elements="2" coveredelements="2"/>
    </file>
    <file name="C:\wamp64\www\p8_todo_and_co\src\Controller\SecurityController.php">
      <class name="App\Controller\SecurityController" namespace="global">
        <metrics complexity="2" methods="2" coveredmethods="1" conditionals="0" coveredconditionals="0" statements="4" coveredstatements="3" elements="6" coveredelements="4"/>
      </class>
      <line num="14" type="method" name="login" visibility="public" complexity="1" crap="1" count="9"/>
      <line num="23" type="stmt" count="9"/>
      <line num="25" type="stmt" count="9"/>
      <line num="27" type="stmt" count="9"/>
      <line num="30" type="method" name="logout" visibility="public" complexity="1" crap="2" count="0"/>
      <line num="34" type="stmt" count="0"/>
      <metrics loc="36" ncloc="31" classes="1" methods="2" coveredmethods="1" conditionals="0" coveredconditionals="0" statements="4" coveredstatements="3" elements="6" coveredelements="4"/>
    </file>
    <file name="C:\wamp64\www\p8_todo_and_co\src\Controller\TaskController.php">
      <class name="App\Controller\TaskController" namespace="global">
        <metrics complexity="12" methods="7" coveredmethods="7" conditionals="0" coveredconditionals="0" statements="40" coveredstatements="40" elements="47" coveredelements="47"/>
      </class>
      <line num="18" type="method" name="listAllTasks" visibility="public" complexity="1" crap="1" count="9"/>
      <line num="22" type="stmt" count="9"/>
      <line num="24" type="stmt" count="9"/>
      <line num="27" type="method" name="listDoneTasks" visibility="public" complexity="1" crap="1" count="1"/>
      <line num="31" type="stmt" count="1"/>
      <line num="32" type="stmt" count="1"/>
      <line num="35" type="method" name="listNotDoneTasks" visibility="public" complexity="1" crap="1" count="1"/>
      <line num="39" type="stmt" count="1"/>
      <line num="40" type="stmt" count="1"/>
      <line num="43" type="method" name="createAction" visibility="public" complexity="3" crap="3" count="1"/>
      <line num="47" type="stmt" count="1"/>
      <line num="48" type="stmt" count="1"/>
      <line num="50" type="stmt" count="1"/>
      <line num="52" type="stmt" count="1"/>
      <line num="53" type="stmt" count="1"/>
      <line num="55" type="stmt" count="1"/>
      <line num="57" type="stmt" count="1"/>
      <line num="58" type="stmt" count="1"/>
      <line num="60" type="stmt" count="1"/>
      <line num="62" type="stmt" count="1"/>
      <line num="64" type="stmt" count="1"/>
      <line num="67" type="method" name="editAction" visibility="public" complexity="3" crap="3" count="3"/>
      <line num="71" type="stmt" count="3"/>
      <line num="73" type="stmt" count="3"/>
      <line num="75" type="stmt" count="3"/>
      <line num="76" type="stmt" count="3"/>
      <line num="77" type="stmt" count="3"/>
      <line num="79" type="stmt" count="3"/>
      <line num="81" type="stmt" count="3"/>
      <line num="83" type="stmt" count="3"/>
      <line num="84" type="stmt" count="3"/>
      <line num="85" type="stmt" count="3"/>
      <line num="89" type="method" name="toggleTaskAction" visibility="public" complexity="2" crap="2" count="2"/>
      <line num="93" type="stmt" count="2"/>
      <line num="94" type="stmt" count="2"/>
      <line num="95" type="stmt" count="2"/>
      <line num="96" type="stmt" count="2"/>
      <line num="97" type="stmt" count="1"/>
      <line num="99" type="stmt" count="1"/>
      <line num="101" type="stmt" count="2"/>
      <line num="104" type="method" name="deleteTaskAction" visibility="public" complexity="1" crap="1" count="5"/>
      <line num="108" type="stmt" count="5"/>
      <line num="109" type="stmt" count="2"/>
      <line num="110" type="stmt" count="2"/>
      <line num="111" type="stmt" count="2"/>
      <line num="113" type="stmt" count="2"/>
      <line num="115" type="stmt" count="2"/>
      <metrics loc="117" ncloc="116" classes="1" methods="7" coveredmethods="7" conditionals="0" coveredconditionals="0" statements="40" coveredstatements="40" elements="47" coveredelements="47"/>
    </file>
    <file name="C:\wamp64\www\p8_todo_and_co\src\Controller\UserController.php">
      <class name="App\Controller\UserController" namespace="global">
        <metrics complexity="8" methods="4" coveredmethods="4" conditionals="0" coveredconditionals="0" statements="23" coveredstatements="23" elements="27" coveredelements="27"/>
      </class>
      <line num="17" type="method" name="__construct" visibility="public" complexity="1" crap="1" count="4"/>
      <line num="19" type="stmt" count="4"/>
      <line num="21" type="method" name="listAction" visibility="public" complexity="1" crap="1" count="2"/>
      <line num="25" type="stmt" count="2"/>
      <line num="26" type="stmt" count="2"/>
      <line num="29" type="method" name="createAction" visibility="public" complexity="3" crap="3" count="2"/>
      <line num="33" type="stmt" count="2"/>
      <line num="34" type="stmt" count="2"/>
      <line num="36" type="stmt" count="2"/>
      <line num="38" type="stmt" count="2"/>
      <line num="39" type="stmt" count="1"/>
      <line num="40" type="stmt" count="1"/>
      <line num="42" type="stmt" count="1"/>
      <line num="43" type="stmt" count="1"/>
      <line num="45" type="stmt" count="1"/>
      <line num="47" type="stmt" count="1"/>
      <line num="50" type="stmt" count="2"/>
      <line num="53" type="method" name="editAction" visibility="public" complexity="3" crap="3" count="1"/>
      <line num="57" type="stmt" count="1"/>
      <line num="59" type="stmt" count="1"/>
      <line num="61" type="stmt" count="1"/>
      <line num="62" type="stmt" count="1"/>
      <line num="64" type="stmt" count="1"/>
      <line num="66" type="stmt" count="1"/>
      <line num="68" type="stmt" count="1"/>
      <line num="71" type="stmt" count="1"/>
      <metrics loc="73" ncloc="73" classes="1" methods="4" coveredmethods="4" conditionals="0" coveredconditionals="0" statements="23" coveredstatements="23" elements="27" coveredelements="27"/>
    </file>
    <file name="C:\wamp64\www\p8_todo_and_co\src\Entity\Task.php">
      <class name="App\Entity\Task" namespace="global">
        <metrics complexity="14" methods="14" coveredmethods="13" conditionals="0" coveredconditionals="0" statements="22" coveredstatements="21" elements="36" coveredelements="34"/>
      </class>
      <line num="51" type="method" name="__construct" visibility="public" complexity="1" crap="1" count="17"/>
      <line num="53" type="stmt" count="17"/>
      <line num="54" type="stmt" count="17"/>
      <line num="55" type="stmt" count="17"/>
      <line num="57" type="method" name="getId" visibility="public" complexity="1" crap="1" count="14"/>
      <line num="59" type="stmt" count="14"/>
      <line num="62" type="method" name="getCreatedAt" visibility="public" complexity="1" crap="2" count="0"/>
      <line num="64" type="stmt" count="0"/>
      <line num="67" type="method" name="setCreatedAt" visibility="public" complexity="1" crap="1" count="16"/>
      <line num="69" type="stmt" count="16"/>
      <line num="70" type="stmt" count="16"/>
      <line num="73" type="method" name="getTitle" visibility="public" complexity="1" crap="1" count="6"/>
      <line num="75" type="stmt" count="6"/>
      <line num="78" type="method" name="setTitle" visibility="public" complexity="1" crap="1" count="17"/>
      <line num="80" type="stmt" count="17"/>
      <line num="81" type="stmt" count="17"/>
      <line num="84" type="method" name="getContent" visibility="public" complexity="1" crap="1" count="6"/>
      <line num="86" type="stmt" count="6"/>
      <line num="89" type="method" name="setContent" visibility="public" complexity="1" crap="1" count="17"/>
      <line num="91" type="stmt" count="17"/>
      <line num="92" type="stmt" count="17"/>
      <line num="95" type="method" name="isDone" visibility="public" complexity="1" crap="1" count="5"/>
      <line num="97" type="stmt" count="5"/>
      <line num="100" type="method" name="toggle" visibility="public" complexity="1" crap="1" count="16"/>
      <line num="102" type="stmt" count="16"/>
      <line num="103" type="stmt" count="16"/>
      <line num="106" type="method" name="getUser" visibility="public" complexity="1" crap="1" count="10"/>
      <line num="108" type="stmt" count="10"/>
      <line num="111" type="method" name="setUser" visibility="public" complexity="1" crap="1" count="14"/>
      <line num="113" type="stmt" count="14"/>
      <line num="115" type="stmt" count="14"/>
      <line num="118" type="method" name="getUpdatedAt" visibility="public" complexity="1" crap="1" count="11"/>
      <line num="120" type="stmt" count="11"/>
      <line num="123" type="method" name="setUpdatedAt" visibility="public" complexity="1" crap="1" count="5"/>
      <line num="125" type="stmt" count="5"/>
      <line num="127" type="stmt" count="5"/>
      <metrics loc="129" ncloc="129" classes="1" methods="14" coveredmethods="13" conditionals="0" coveredconditionals="0" statements="22" coveredstatements="21" elements="36" coveredelements="34"/>
    </file>
    <file name="C:\wamp64\www\p8_todo_and_co\src\Entity\User.php">
      <class name="App\Entity\User" namespace="global">
        <metrics complexity="15" methods="14" coveredmethods="12" conditionals="0" coveredconditionals="0" statements="23" coveredstatements="18" elements="37" coveredelements="30"/>
      </class>
      <line num="17" type="stmt" count="1"/>
      <line num="54" type="method" name="getId" visibility="public" complexity="1" crap="1" count="15"/>
      <line num="56" type="stmt" count="15"/>
      <line num="64" type="method" name="getUserIdentifier" visibility="public" complexity="1" crap="1" count="22"/>
      <line num="66" type="stmt" count="22"/>
      <line num="69" type="method" name="setUsername" visibility="public" complexity="1" crap="1" count="34"/>
      <line num="71" type="stmt" count="34"/>
      <line num="72" type="stmt" count="34"/>
      <line num="75" type="method" name="getSalt" visibility="public" complexity="1" crap="1" count="25"/>
      <line num="77" type="stmt" count="25"/>
      <line num="83" type="method" name="getPassword" visibility="public" complexity="1" crap="1" count="25"/>
      <line num="85" type="stmt" count="25"/>
      <line num="88" type="method" name="setPassword" visibility="public" complexity="1" crap="1" count="34"/>
      <line num="90" type="stmt" count="34"/>
      <line num="91" type="stmt" count="34"/>
      <line num="94" type="method" name="getEmail" visibility="public" complexity="1" crap="1" count="4"/>
      <line num="96" type="stmt" count="4"/>
      <line num="99" type="method" name="setEmail" visibility="public" complexity="1" crap="1" count="34"/>
      <line num="101" type="stmt" count="34"/>
      <line num="102" type="stmt" count="34"/>
      <line num="108" type="method" name="getRoles" visibility="public" complexity="1" crap="1" count="23"/>
      <line num="110" type="stmt" count="23"/>
      <line num="112" type="stmt" count="23"/>
      <line num="114" type="stmt" count="23"/>
      <line num="117" type="method" name="setRoles" visibility="public" complexity="1" crap="1" count="25"/>
      <line num="119" type="stmt" count="25"/>
      <line num="120" type="stmt" count="25"/>
      <line num="123" type="method" name="eraseCredentials" visibility="public" complexity="1" crap="1" count="1"/>
      <line num="125" type="stmt" count="1"/>
      <line num="130" type="method" name="getUsername" visibility="public" complexity="1" crap="1" count="9"/>
      <line num="132" type="stmt" count="9"/>
      <line num="138" type="method" name="getTasks" visibility="public" complexity="1" crap="2" count="0"/>
      <line num="140" type="stmt" count="0"/>
      <line num="143" type="method" name="addTask" visibility="public" complexity="2" crap="6" count="0"/>
      <line num="145" type="stmt" count="0"/>
      <line num="146" type="stmt" count="0"/>
      <line num="147" type="stmt" count="0"/>
      <line num="150" type="stmt" count="0"/>
      <metrics loc="152" ncloc="134" classes="1" methods="14" coveredmethods="12" conditionals="0" coveredconditionals="0" statements="24" coveredstatements="19" elements="38" coveredelements="31"/>
    </file>
    <file name="C:\wamp64\www\p8_todo_and_co\src\Form\TaskType.php">
      <class name="App\Form\TaskType" namespace="global">
        <metrics complexity="1" methods="1" coveredmethods="1" conditionals="0" coveredconditionals="0" statements="3" coveredstatements="3" elements="4" coveredelements="4"/>
      </class>
      <line num="12" type="method" name="buildForm" visibility="public" complexity="1" crap="1" count="4"/>
      <line num="15" type="stmt" count="4"/>
      <line num="16" type="stmt" count="4"/>
      <line num="17" type="stmt" count="4"/>
      <metrics loc="18" ncloc="18" classes="1" methods="1" coveredmethods="1" conditionals="0" coveredconditionals="0" statements="3" coveredstatements="3" elements="4" coveredelements="4"/>
    </file>
    <file name="C:\wamp64\www\p8_todo_and_co\src\Form\UserType.php">
      <class name="App\Form\UserType" namespace="global">
        <metrics complexity="6" methods="3" coveredmethods="3" conditionals="0" coveredconditionals="0" statements="23" coveredstatements="23" elements="26" coveredelements="26"/>
      </class>
      <line num="21" type="method" name="__construct" visibility="public" complexity="1" crap="1" count="3"/>
      <line num="23" type="method" name="buildForm" visibility="public" complexity="4" crap="4" count="3"/>
      <line num="25" type="stmt" count="3"/>
      <line num="26" type="stmt" count="3"/>
      <line num="27" type="stmt" count="3"/>
      <line num="28" type="stmt" count="2"/>
      <line num="29" type="stmt" count="2"/>
      <line num="36" type="stmt" count="3"/>
      <line num="37" type="stmt" count="3"/>
      <line num="38" type="stmt" count="1"/>
      <line num="40" type="stmt" count="1"/>
      <line num="45" type="stmt" count="1"/>
      <line num="46" type="stmt" count="1"/>
      <line num="47" type="stmt" count="1"/>
      <line num="48" type="stmt" count="1"/>
      <line num="49" type="stmt" count="1"/>
      <line num="50" type="stmt" count="1"/>
      <line num="51" type="stmt" count="1"/>
      <line num="54" type="stmt" count="3"/>
      <line num="59" type="method" name="configureOptions" visibility="public" complexity="1" crap="1" count="3"/>
      <line num="61" type="stmt" count="3"/>
      <line num="62" type="stmt" count="3"/>
      <line num="66" type="stmt" count="3"/>
      <line num="67" type="stmt" count="3"/>
      <line num="68" type="stmt" count="3"/>
      <metrics loc="69" ncloc="64" classes="1" methods="3" coveredmethods="3" conditionals="0" coveredconditionals="0" statements="23" coveredstatements="23" elements="26" coveredelements="26"/>
    </file>
    <file name="C:\wamp64\www\p8_todo_and_co\src\Repository\TaskRepository.php">
      <class name="App\Repository\TaskRepository" namespace="global">
        <metrics complexity="3" methods="3" coveredmethods="3" conditionals="0" coveredconditionals="0" statements="15" coveredstatements="15" elements="18" coveredelements="18"/>
      </class>
      <line num="17" type="method" name="__construct" visibility="public" complexity="1" crap="1" count="14"/>
      <line num="19" type="stmt" count="14"/>
      <line num="20" type="stmt" count="14"/>
      <line num="26" type="method" name="findByIsDone" visibility="public" complexity="1" crap="1" count="2"/>
      <line num="28" type="stmt" count="2"/>
      <line num="29" type="stmt" count="2"/>
      <line num="30" type="stmt" count="2"/>
      <line num="31" type="stmt" count="2"/>
      <line num="32" type="stmt" count="2"/>
      <line num="33" type="stmt" count="2"/>
      <line num="34" type="stmt" count="2"/>
      <line num="35" type="stmt" count="2"/>
      <line num="38" type="method" name="findAllWithUsers" visibility="public" complexity="1" crap="1" count="9"/>
      <line num="40" type="stmt" count="9"/>
      <line num="41" type="stmt" count="9"/>
      <line num="42" type="stmt" count="9"/>
      <line num="43" type="stmt" count="9"/>
      <line num="44" type="stmt" count="9"/>
      <metrics loc="59" ncloc="39" classes="1" methods="3" coveredmethods="3" conditionals="0" coveredconditionals="0" statements="15" coveredstatements="15" elements="18" coveredelements="18"/>
    </file>
    <file name="C:\wamp64\www\p8_todo_and_co\src\Repository\UserRepository.php">
      <class name="App\Repository\UserRepository" namespace="global">
        <metrics complexity="3" methods="2" coveredmethods="1" conditionals="0" coveredconditionals="0" statements="8" coveredstatements="7" elements="10" coveredelements="8"/>
      </class>
      <line num="18" type="stmt" count="1"/>
      <line num="20" type="method" name="__construct" visibility="public" complexity="1" crap="1" count="56"/>
      <line num="22" type="stmt" count="56"/>
      <line num="23" type="stmt" count="56"/>
      <line num="28" type="method" name="upgradePassword" visibility="public" complexity="2" crap="2.02" count="1"/>
      <line num="30" type="stmt" count="1"/>
      <line num="31" type="stmt" count="0"/>
      <line num="34" type="stmt" count="1"/>
      <line num="35" type="stmt" count="1"/>
      <line num="36" type="stmt" count="1"/>
      <line num="37" type="stmt" count="1"/>
      <metrics loc="67" ncloc="31" classes="1" methods="2" coveredmethods="1" conditionals="0" coveredconditionals="0" statements="9" coveredstatements="8" elements="11" coveredelements="9"/>
    </file>
    <file name="C:\wamp64\www\p8_todo_and_co\src\Security\LoginFormAuthenticator.php">
      <class name="App\Security\LoginFormAuthenticator" namespace="global">
        <metrics complexity="9" methods="6" coveredmethods="4" conditionals="0" coveredconditionals="0" statements="21" coveredstatements="19" elements="27" coveredelements="23"/>
      </class>
      <line num="21" type="stmt" count="1"/>
      <line num="27" type="method" name="__construct" visibility="public" complexity="1" crap="1" count="42"/>
      <line num="29" type="stmt" count="42"/>
      <line num="31" type="method" name="supports" visibility="public" complexity="2" crap="2" count="42"/>
      <line num="33" type="stmt" count="42"/>
      <line num="34" type="stmt" count="42"/>
      <line num="37" type="method" name="authenticate" visibility="public" complexity="1" crap="1" count="9"/>
      <line num="39" type="stmt" count="9"/>
      <line num="40" type="stmt" count="9"/>
      <line num="41" type="stmt" count="9"/>
      <line num="42" type="stmt" count="9"/>
      <line num="45" type="stmt" count="9"/>
      <line num="46" type="stmt" count="9"/>
      <line num="47" type="stmt" count="9"/>
      <line num="49" type="stmt" count="9"/>
      <line num="50" type="stmt" count="9"/>
      <line num="51" type="stmt" count="9"/>
      <line num="52" type="stmt" count="9"/>
      <line num="59" type="method" name="getPassword" visibility="public" complexity="1" crap="2" count="0"/>
      <line num="61" type="stmt" count="0"/>
      <line num="64" type="method" name="onAuthenticationSuccess" visibility="public" complexity="2" crap="2.15" count="1"/>
      <line num="66" type="stmt" count="1"/>
      <line num="67" type="stmt" count="0"/>
      <line num="69" type="stmt" count="1"/>
      <line num="72" type="method" name="onAuthenticationFailure" visibility="public" complexity="2" crap="2" count="8"/>
      <line num="74" type="stmt" count="8"/>
      <line num="75" type="stmt" count="8"/>
      <metrics loc="77" ncloc="74" classes="1" methods="6" coveredmethods="4" conditionals="0" coveredconditionals="0" statements="22" coveredstatements="20" elements="28" coveredelements="24"/>
    </file>
    <file name="C:\wamp64\www\p8_todo_and_co\src\Security\Voter\TaskVoter.php">
      <class name="App\Security\Voter\TaskVoter" namespace="global">
        <metrics complexity="9" methods="4" coveredmethods="4" conditionals="0" coveredconditionals="0" statements="10" coveredstatements="10" elements="14" coveredelements="14"/>
      </class>
      <line num="15" type="method" name="__construct" visibility="public" complexity="1" crap="1" count="37"/>
      <line num="17" type="method" name="supports" visibility="protected" complexity="3" crap="3" count="37"/>
      <line num="19" type="stmt" count="37"/>
      <line num="20" type="stmt" count="10"/>
      <line num="21" type="stmt" count="10"/>
      <line num="24" type="method" name="voteOnAttribute" visibility="protected" complexity="2" crap="2" count="10"/>
      <line num="26" type="stmt" count="10"/>
      <line num="27" type="stmt" count="10"/>
      <line num="28" type="stmt" count="10"/>
      <line num="29" type="stmt" count="10"/>
      <line num="32" type="method" name="canDelete" visibility="private" complexity="3" crap="3" count="10"/>
      <line num="34" type="stmt" count="10"/>
      <line num="35" type="stmt" count="8"/>
      <metrics loc="37" ncloc="37" classes="1" methods="4" coveredmethods="4" conditionals="0" coveredconditionals="0" statements="10" coveredstatements="10" elements="14" coveredelements="14"/>
    </file>
    <metrics files="12" loc="851" ncloc="763" classes="12" methods="61" coveredmethods="54" conditionals="0" coveredconditionals="0" statements="196" coveredstatements="186" elements="257" coveredelements="240"/>
  </project>
</coverage>
